[2019-12-18 14:51:02][DEBUG][ERROR] : [Swoole\Server::start(): require onMessage callback at file:/home/www/easyswoole_myim/vendor/easyswoole/easyswoole/src/ServerManager.php line:140]
[2019-12-18 15:08:54][DEBUG][ERROR] : [Uncaught TypeError: Argument 1 passed to EasySwoole\EasySwoole\EasySwooleEvent::EasySwoole\EasySwoole\{closure}() must be an instance of EasySwoole\EasySwoole\swoole_server, instance of Swoole\WebSocket\Server given in /home/www/easyswoole_myim/EasySwooleEvent.php:36
Stack trace:
#0 [internal function]: EasySwoole\EasySwoole\EasySwooleEvent::EasySwoole\EasySwoole\{closure}(Object(Swoole\WebSocket\Server), Object(Swoole\WebSocket\Frame))
#1 /home/www/easyswoole_myim/vendor/easyswoole/easyswoole/src/ServerManager.php(134): call_user_func(Object(Closure), Object(Swoole\WebSocket\Server), Object(Swoole\WebSocket\Frame))
#2 {main}
  thrown at file:/home/www/easyswoole_myim/EasySwooleEvent.php line:36]
[2019-12-18 15:09:35][DEBUG][ERROR] : [Uncaught TypeError: Argument 1 passed to EasySwoole\EasySwoole\EasySwooleEvent::EasySwoole\EasySwoole\{closure}() must be an instance of EasySwoole\EasySwoole\swoole_server, instance of Swoole\WebSocket\Server given in /home/www/easyswoole_myim/EasySwooleEvent.php:36
Stack trace:
#0 [internal function]: EasySwoole\EasySwoole\EasySwooleEvent::EasySwoole\EasySwoole\{closure}(Object(Swoole\WebSocket\Server), Object(Swoole\WebSocket\Frame))
#1 /home/www/easyswoole_myim/vendor/easyswoole/easyswoole/src/ServerManager.php(134): call_user_func(Object(Closure), Object(Swoole\WebSocket\Server), Object(Swoole\WebSocket\Frame))
#2 {main}
  thrown at file:/home/www/easyswoole_myim/EasySwooleEvent.php line:36]
[2019-12-18 15:09:44][DEBUG][ERROR] : [Uncaught TypeError: Argument 1 passed to EasySwoole\EasySwoole\EasySwooleEvent::EasySwoole\EasySwoole\{closure}() must be an instance of EasySwoole\EasySwoole\swoole_server, instance of Swoole\WebSocket\Server given in /home/www/easyswoole_myim/EasySwooleEvent.php:36
Stack trace:
#0 [internal function]: EasySwoole\EasySwoole\EasySwooleEvent::EasySwoole\EasySwoole\{closure}(Object(Swoole\WebSocket\Server), Object(Swoole\WebSocket\Frame))
#1 /home/www/easyswoole_myim/vendor/easyswoole/easyswoole/src/ServerManager.php(134): call_user_func(Object(Closure), Object(Swoole\WebSocket\Server), Object(Swoole\WebSocket\Frame))
#2 {main}
  thrown at file:/home/www/easyswoole_myim/EasySwooleEvent.php line:36]
[2019-12-18 15:09:45][DEBUG][ERROR] : [Uncaught TypeError: Argument 1 passed to EasySwoole\EasySwoole\EasySwooleEvent::EasySwoole\EasySwoole\{closure}() must be an instance of EasySwoole\EasySwoole\swoole_server, instance of Swoole\WebSocket\Server given in /home/www/easyswoole_myim/EasySwooleEvent.php:36
Stack trace:
#0 [internal function]: EasySwoole\EasySwoole\EasySwooleEvent::EasySwoole\EasySwoole\{closure}(Object(Swoole\WebSocket\Server), Object(Swoole\WebSocket\Frame))
#1 /home/www/easyswoole_myim/vendor/easyswoole/easyswoole/src/ServerManager.php(134): call_user_func(Object(Closure), Object(Swoole\WebSocket\Server), Object(Swoole\WebSocket\Frame))
#2 {main}
  thrown at file:/home/www/easyswoole_myim/EasySwooleEvent.php line:36]
[2019-12-18 15:09:46][DEBUG][ERROR] : [Uncaught TypeError: Argument 1 passed to EasySwoole\EasySwoole\EasySwooleEvent::EasySwoole\EasySwoole\{closure}() must be an instance of EasySwoole\EasySwoole\swoole_server, instance of Swoole\WebSocket\Server given in /home/www/easyswoole_myim/EasySwooleEvent.php:36
Stack trace:
#0 [internal function]: EasySwoole\EasySwoole\EasySwooleEvent::EasySwoole\EasySwoole\{closure}(Object(Swoole\WebSocket\Server), Object(Swoole\WebSocket\Frame))
#1 /home/www/easyswoole_myim/vendor/easyswoole/easyswoole/src/ServerManager.php(134): call_user_func(Object(Closure), Object(Swoole\WebSocket\Server), Object(Swoole\WebSocket\Frame))
#2 {main}
  thrown at file:/home/www/easyswoole_myim/EasySwooleEvent.php line:36]
[2019-12-18 15:10:53][DEBUG][ERROR] : [Uncaught TypeError: Argument 1 passed to EasySwoole\EasySwoole\EasySwooleEvent::EasySwoole\EasySwoole\{closure}() must be an instance of EasySwoole\EasySwoole\swoole_server, instance of Swoole\WebSocket\Server given in /home/www/easyswoole_myim/EasySwooleEvent.php:36
Stack trace:
#0 [internal function]: EasySwoole\EasySwoole\EasySwooleEvent::EasySwoole\EasySwoole\{closure}(Object(Swoole\WebSocket\Server), Object(Swoole\WebSocket\Frame))
#1 /home/www/easyswoole_myim/vendor/easyswoole/easyswoole/src/ServerManager.php(134): call_user_func(Object(Closure), Object(Swoole\WebSocket\Server), Object(Swoole\WebSocket\Frame))
#2 {main}
  thrown at file:/home/www/easyswoole_myim/EasySwooleEvent.php line:36]
[2019-12-18 15:11:20][DEBUG][ERROR] : [Uncaught TypeError: Argument 1 passed to EasySwoole\EasySwoole\EasySwooleEvent::EasySwoole\EasySwoole\{closure}() must be an instance of EasySwoole\EasySwoole\swoole_server, instance of Swoole\WebSocket\Server given in /home/www/easyswoole_myim/EasySwooleEvent.php:36
Stack trace:
#0 [internal function]: EasySwoole\EasySwoole\EasySwooleEvent::EasySwoole\EasySwoole\{closure}(Object(Swoole\WebSocket\Server), Object(Swoole\WebSocket\Frame))
#1 /home/www/easyswoole_myim/vendor/easyswoole/easyswoole/src/ServerManager.php(134): call_user_func(Object(Closure), Object(Swoole\WebSocket\Server), Object(Swoole\WebSocket\Frame))
#2 {main}
  thrown at file:/home/www/easyswoole_myim/EasySwooleEvent.php line:36]
[2019-12-18 15:15:21][DEBUG][ERROR] : [Uncaught TypeError: Argument 1 passed to EasySwoole\EasySwoole\EasySwooleEvent::EasySwoole\EasySwoole\{closure}() must be an instance of EasySwoole\EasySwoole\swoole_server, instance of Swoole\WebSocket\Server given in /home/www/easyswoole_myim/EasySwooleEvent.php:36
Stack trace:
#0 [internal function]: EasySwoole\EasySwoole\EasySwooleEvent::EasySwoole\EasySwoole\{closure}(Object(Swoole\WebSocket\Server), Object(Swoole\WebSocket\Frame))
#1 /home/www/easyswoole_myim/vendor/easyswoole/easyswoole/src/ServerManager.php(134): call_user_func(Object(Closure), Object(Swoole\WebSocket\Server), Object(Swoole\WebSocket\Frame))
#2 {main}
  thrown at file:/home/www/easyswoole_myim/EasySwooleEvent.php line:36]
[2019-12-18 15:18:35][DEBUG][ERROR] : [Uncaught TypeError: Argument 1 passed to EasySwoole\EasySwoole\EasySwooleEvent::EasySwoole\EasySwoole\{closure}() must be an instance of EasySwoole\EasySwoole\swoole_server, instance of Swoole\WebSocket\Server given in /home/www/easyswoole_myim/EasySwooleEvent.php:36
Stack trace:
#0 [internal function]: EasySwoole\EasySwoole\EasySwooleEvent::EasySwoole\EasySwoole\{closure}(Object(Swoole\WebSocket\Server), Object(Swoole\WebSocket\Frame))
#1 /home/www/easyswoole_myim/vendor/easyswoole/easyswoole/src/ServerManager.php(134): call_user_func(Object(Closure), Object(Swoole\WebSocket\Server), Object(Swoole\WebSocket\Frame))
#2 {main}
  thrown at file:/home/www/easyswoole_myim/EasySwooleEvent.php line:36]
[2019-12-18 15:22:38][DEBUG][ERROR] : [Uncaught TypeError: Argument 1 passed to EasySwoole\EasySwoole\EasySwooleEvent::EasySwoole\EasySwoole\{closure}() must be an instance of EasySwoole\EasySwoole\swoole_server, instance of Swoole\WebSocket\Server given in /home/www/easyswoole_myim/EasySwooleEvent.php:36
Stack trace:
#0 [internal function]: EasySwoole\EasySwoole\EasySwooleEvent::EasySwoole\EasySwoole\{closure}(Object(Swoole\WebSocket\Server), Object(Swoole\WebSocket\Frame))
#1 /home/www/easyswoole_myim/vendor/easyswoole/easyswoole/src/ServerManager.php(134): call_user_func(Object(Closure), Object(Swoole\WebSocket\Server), Object(Swoole\WebSocket\Frame))
#2 {main}
  thrown at file:/home/www/easyswoole_myim/EasySwooleEvent.php line:36]
[2019-12-18 15:23:13][DEBUG][ERROR] : [Swoole\Server::start(): require onMessage callback at file:/home/www/easyswoole_myim/vendor/easyswoole/easyswoole/src/ServerManager.php line:140]
[2019-12-18 15:25:22][DEBUG][ERROR] : [Uncaught TypeError: Argument 1 passed to EasySwoole\EasySwoole\EasySwooleEvent::EasySwoole\EasySwoole\{closure}() must be an instance of EasySwoole\EasySwoole\swoole_websocket_server, instance of Swoole\WebSocket\Server given in /home/www/easyswoole_myim/EasySwooleEvent.php:37
Stack trace:
#0 [internal function]: EasySwoole\EasySwoole\EasySwooleEvent::EasySwoole\EasySwoole\{closure}(Object(Swoole\WebSocket\Server), Object(Swoole\WebSocket\Frame))
#1 /home/www/easyswoole_myim/vendor/easyswoole/easyswoole/src/ServerManager.php(134): call_user_func(Object(Closure), Object(Swoole\WebSocket\Server), Object(Swoole\WebSocket\Frame))
#2 {main}
  thrown at file:/home/www/easyswoole_myim/EasySwooleEvent.php line:37]
[2019-12-18 15:29:37][DEBUG][ERROR] : [Uncaught TypeError: Argument 1 passed to EasySwoole\EasySwoole\EasySwooleEvent::EasySwoole\EasySwoole\{closure}() must be an instance of EasySwoole\EasySwoole\swoole_websocket_server, instance of Swoole\WebSocket\Server given in /home/www/easyswoole_myim/EasySwooleEvent.php:37
Stack trace:
#0 [internal function]: EasySwoole\EasySwoole\EasySwooleEvent::EasySwoole\EasySwoole\{closure}(Object(Swoole\WebSocket\Server), Object(Swoole\WebSocket\Frame))
#1 /home/www/easyswoole_myim/vendor/easyswoole/easyswoole/src/ServerManager.php(134): call_user_func(Object(Closure), Object(Swoole\WebSocket\Server), Object(Swoole\WebSocket\Frame))
#2 {main}
  thrown at file:/home/www/easyswoole_myim/EasySwooleEvent.php line:37]
[2019-12-18 15:39:34][DEBUG][ERROR] : [Uncaught TypeError: Argument 1 passed to EasySwoole\EasySwoole\EasySwooleEvent::EasySwoole\EasySwoole\{closure}() must be an instance of EasySwoole\EasySwoole\swoole_websocket_server, instance of Swoole\WebSocket\Server given in /home/www/easyswoole_myim/EasySwooleEvent.php:36
Stack trace:
#0 [internal function]: EasySwoole\EasySwoole\EasySwooleEvent::EasySwoole\EasySwoole\{closure}(Object(Swoole\WebSocket\Server), Object(Swoole\WebSocket\Frame))
#1 /home/www/easyswoole_myim/vendor/easyswoole/easyswoole/src/ServerManager.php(134): call_user_func(Object(Closure), Object(Swoole\WebSocket\Server), Object(Swoole\WebSocket\Frame))
#2 {main}
  thrown at file:/home/www/easyswoole_myim/EasySwooleEvent.php line:36]
[2019-12-18 15:53:55][DEBUG][ERROR] : [Uncaught Error: Class 'EasySwoole\EasySwoole\HotReload' not found in /home/www/easyswoole_myim/EasySwooleEvent.php:32
Stack trace:
#0 /home/www/easyswoole_myim/vendor/easyswoole/easyswoole/src/Core.php(118): EasySwoole\EasySwoole\EasySwooleEvent::mainServerCreate(Object(EasySwoole\EasySwoole\Swoole\EventRegister))
#1 /home/www/easyswoole_myim/vendor/easyswoole/easyswoole/src/Command/DefaultCommand/Start.php(42): EasySwoole\EasySwoole\Core->createServer()
#2 /home/www/easyswoole_myim/vendor/easyswoole/easyswoole/src/Command/CommandContainer.php(46): EasySwoole\EasySwoole\Command\DefaultCommand\Start->exec(Array)
#3 /home/www/easyswoole_myim/vendor/easyswoole/easyswoole/src/Command/CommandRunner.php(54): EasySwoole\EasySwoole\Command\CommandContainer->hook('start', Array)
#4 /home/www/easyswoole_myim/easyswoole(24): EasySwoole\EasySwoole\Command\CommandRunner->run(Array)
#5 {main}
  thrown at file:/home/www/easyswoole_myim/EasySwooleEvent.php line:32]
[2019-12-19 10:03:58][DEBUG][ERROR] : [connect to redis host 127.0.0.1:6376 fail after retry 4 times at file:/home/www/easyswoole_myim/vendor/easyswoole/redis/src/Redis.php line:2865]
[2019-12-19 10:23:56][DEBUG][WARNING] : [strlen() expects parameter 1 to be string, array given at file:/home/www/easyswoole_myim/vendor/easyswoole/redis/src/Client.php line:45]
[2019-12-19 10:23:56][DEBUG][NOTICE] : [Array to string conversion at file:/home/www/easyswoole_myim/vendor/easyswoole/redis/src/Client.php line:46]
[2019-12-19 10:23:56][DEBUG][WARNING] : [strlen() expects parameter 1 to be string, array given at file:/home/www/easyswoole_myim/vendor/easyswoole/redis/src/Client.php line:45]
[2019-12-19 10:23:56][DEBUG][NOTICE] : [Array to string conversion at file:/home/www/easyswoole_myim/vendor/easyswoole/redis/src/Client.php line:46]
[2019-12-19 10:23:56][DEBUG][ERROR] : [Uncaught ArgumentCountError: Too few arguments to function EasySwoole\Redis\Redis::keys(), 0 passed in /home/www/easyswoole_myim/App/WebSocket/WebSocketEvents.php on line 45 and exactly 1 expected in /home/www/easyswoole_myim/vendor/easyswoole/redis/src/Redis.php:405
Stack trace:
#0 /home/www/easyswoole_myim/App/WebSocket/WebSocketEvents.php(45): EasySwoole\Redis\Redis->keys()
#1 [internal function]: App\WebSocket\WebSocketEvents::onOpen(Object(Swoole\WebSocket\Server), Object(Swoole\Http\Request))
#2 /home/www/easyswoole_myim/vendor/easyswoole/easyswoole/src/ServerManager.php(134): call_user_func(Array, Object(Swoole\WebSocket\Server), Object(Swoole\Http\Request))
#3 {main}
  thrown at file:/home/www/easyswoole_myim/vendor/easyswoole/redis/src/Redis.php line:405]
[2019-12-19 10:24:49][DEBUG][WARNING] : [strlen() expects parameter 1 to be string, array given at file:/home/www/easyswoole_myim/vendor/easyswoole/redis/src/Client.php line:45]
[2019-12-19 10:24:49][DEBUG][NOTICE] : [Array to string conversion at file:/home/www/easyswoole_myim/vendor/easyswoole/redis/src/Client.php line:46]
[2019-12-19 10:24:49][DEBUG][WARNING] : [strlen() expects parameter 1 to be string, array given at file:/home/www/easyswoole_myim/vendor/easyswoole/redis/src/Client.php line:45]
[2019-12-19 10:24:49][DEBUG][NOTICE] : [Array to string conversion at file:/home/www/easyswoole_myim/vendor/easyswoole/redis/src/Client.php line:46]
[2019-12-19 10:24:49][DEBUG][ERROR] : [Uncaught ArgumentCountError: Too few arguments to function EasySwoole\Redis\Redis::keys(), 0 passed in /home/www/easyswoole_myim/App/WebSocket/WebSocketEvents.php on line 45 and exactly 1 expected in /home/www/easyswoole_myim/vendor/easyswoole/redis/src/Redis.php:405
Stack trace:
#0 /home/www/easyswoole_myim/App/WebSocket/WebSocketEvents.php(45): EasySwoole\Redis\Redis->keys()
#1 [internal function]: App\WebSocket\WebSocketEvents::onOpen(Object(Swoole\WebSocket\Server), Object(Swoole\Http\Request))
#2 /home/www/easyswoole_myim/vendor/easyswoole/easyswoole/src/ServerManager.php(134): call_user_func(Array, Object(Swoole\WebSocket\Server), Object(Swoole\Http\Request))
#3 {main}
  thrown at file:/home/www/easyswoole_myim/vendor/easyswoole/redis/src/Redis.php line:405]
[2019-12-19 10:26:59][DEBUG][WARNING] : [strlen() expects parameter 1 to be string, array given at file:/home/www/easyswoole_myim/vendor/easyswoole/redis/src/Client.php line:45]
[2019-12-19 10:26:59][DEBUG][NOTICE] : [Array to string conversion at file:/home/www/easyswoole_myim/vendor/easyswoole/redis/src/Client.php line:46]
[2019-12-19 10:26:59][DEBUG][WARNING] : [strlen() expects parameter 1 to be string, array given at file:/home/www/easyswoole_myim/vendor/easyswoole/redis/src/Client.php line:45]
[2019-12-19 10:26:59][DEBUG][NOTICE] : [Array to string conversion at file:/home/www/easyswoole_myim/vendor/easyswoole/redis/src/Client.php line:46]
[2019-12-19 10:28:42][DEBUG][WARNING] : [strlen() expects parameter 1 to be string, array given at file:/home/www/easyswoole_myim/vendor/easyswoole/redis/src/Client.php line:45]
[2019-12-19 10:28:42][DEBUG][NOTICE] : [Array to string conversion at file:/home/www/easyswoole_myim/vendor/easyswoole/redis/src/Client.php line:46]
[2019-12-19 10:28:42][DEBUG][WARNING] : [strlen() expects parameter 1 to be string, array given at file:/home/www/easyswoole_myim/vendor/easyswoole/redis/src/Client.php line:45]
[2019-12-19 10:28:42][DEBUG][NOTICE] : [Array to string conversion at file:/home/www/easyswoole_myim/vendor/easyswoole/redis/src/Client.php line:46]
[2019-12-19 10:29:56][DEBUG][WARNING] : [strlen() expects parameter 1 to be string, array given at file:/home/www/easyswoole_myim/vendor/easyswoole/redis/src/Client.php line:45]
[2019-12-19 10:29:56][DEBUG][NOTICE] : [Array to string conversion at file:/home/www/easyswoole_myim/vendor/easyswoole/redis/src/Client.php line:46]
[2019-12-19 10:29:56][DEBUG][WARNING] : [strlen() expects parameter 1 to be string, array given at file:/home/www/easyswoole_myim/vendor/easyswoole/redis/src/Client.php line:45]
[2019-12-19 10:29:56][DEBUG][NOTICE] : [Array to string conversion at file:/home/www/easyswoole_myim/vendor/easyswoole/redis/src/Client.php line:46]
[2019-12-19 10:31:55][DEBUG][WARNING] : [strlen() expects parameter 1 to be string, array given at file:/home/www/easyswoole_myim/vendor/easyswoole/redis/src/Client.php line:45]
[2019-12-19 10:31:55][DEBUG][NOTICE] : [Array to string conversion at file:/home/www/easyswoole_myim/vendor/easyswoole/redis/src/Client.php line:46]
[2019-12-19 10:31:55][DEBUG][WARNING] : [strlen() expects parameter 1 to be string, array given at file:/home/www/easyswoole_myim/vendor/easyswoole/redis/src/Client.php line:45]
[2019-12-19 10:31:55][DEBUG][NOTICE] : [Array to string conversion at file:/home/www/easyswoole_myim/vendor/easyswoole/redis/src/Client.php line:46]
[2019-12-19 10:32:42][DEBUG][WARNING] : [strlen() expects parameter 1 to be string, array given at file:/home/www/easyswoole_myim/vendor/easyswoole/redis/src/Client.php line:45]
[2019-12-19 10:32:42][DEBUG][NOTICE] : [Array to string conversion at file:/home/www/easyswoole_myim/vendor/easyswoole/redis/src/Client.php line:46]
[2019-12-19 10:32:42][DEBUG][WARNING] : [strlen() expects parameter 1 to be string, array given at file:/home/www/easyswoole_myim/vendor/easyswoole/redis/src/Client.php line:45]
[2019-12-19 10:32:42][DEBUG][NOTICE] : [Array to string conversion at file:/home/www/easyswoole_myim/vendor/easyswoole/redis/src/Client.php line:46]
[2019-12-19 10:52:10][DEBUG][ERROR] : [Uncaught TypeError: Argument 1 passed to EasySwoole\ORM\AbstractModel::update() must be of the type array, string given, called in /home/www/easyswoole_myim/App/WebSocket/WebSocketEvents.php on line 47 and defined in /home/www/easyswoole_myim/vendor/easyswoole/orm/src/AbstractModel.php:722
Stack trace:
#0 /home/www/easyswoole_myim/App/WebSocket/WebSocketEvents.php(47): EasySwoole\ORM\AbstractModel->update('user', Array)
#1 [internal function]: App\WebSocket\WebSocketEvents::onOpen(Object(Swoole\WebSocket\Server), Object(Swoole\Http\Request))
#2 /home/www/easyswoole_myim/vendor/easyswoole/easyswoole/src/ServerManager.php(134): call_user_func(Array, Object(Swoole\WebSocket\Server), Object(Swoole\Http\Request))
#3 {main}
  thrown at file:/home/www/easyswoole_myim/vendor/easyswoole/orm/src/AbstractModel.php line:722]
[2019-12-19 10:52:57][DEBUG][ERROR] : [Uncaught TypeError: Argument 1 passed to EasySwoole\ORM\AbstractModel::update() must be of the type array, string given, called in /home/www/easyswoole_myim/App/WebSocket/WebSocketEvents.php on line 47 and defined in /home/www/easyswoole_myim/vendor/easyswoole/orm/src/AbstractModel.php:722
Stack trace:
#0 /home/www/easyswoole_myim/App/WebSocket/WebSocketEvents.php(47): EasySwoole\ORM\AbstractModel->update('user', Array)
#1 [internal function]: App\WebSocket\WebSocketEvents::onOpen(Object(Swoole\WebSocket\Server), Object(Swoole\Http\Request))
#2 /home/www/easyswoole_myim/vendor/easyswoole/easyswoole/src/ServerManager.php(134): call_user_func(Array, Object(Swoole\WebSocket\Server), Object(Swoole\Http\Request))
#3 {main}
  thrown at file:/home/www/easyswoole_myim/vendor/easyswoole/orm/src/AbstractModel.php line:722]
[2019-12-19 11:29:21][DEBUG][ERROR] : [Uncaught EasySwoole\ORM\Exception\Exception: SQLSTATE[42000] [1064] You have an error in your SQL syntax; check the manual that corresponds to your MySQL server version for the right syntax to use near 'read = ?  LIMIT 1' at line 1 in /home/www/easyswoole_myim/vendor/easyswoole/orm/src/Db/MysqliClient.php:60
Stack trace:
#0 /home/www/easyswoole_myim/vendor/easyswoole/orm/src/DbManager.php(71): EasySwoole\ORM\Db\MysqliClient->query(Object(EasySwoole\Mysqli\QueryBuilder), false)
#1 /home/www/easyswoole_myim/vendor/easyswoole/orm/src/AbstractModel.php(1130): EasySwoole\ORM\DbManager->query(Object(EasySwoole\Mysqli\QueryBuilder), false, 'default')
#2 /home/www/easyswoole_myim/vendor/easyswoole/orm/src/AbstractModel.php(599): EasySwoole\ORM\AbstractModel->query(Object(EasySwoole\Mysqli\QueryBuilder))
#3 /home/www/easyswoole_myim/vendor/easyswoole/orm/src/AbstractModel.php(1203): EasySwoole\ORM\AbstractModel->all(NULL, true)
#4 /home/www/easyswoole_myim/vendor/easyswoole/orm/src/AbstractModel.php(311): EasySwoole\O at file:/home/www/easyswoole_myim/vendor/easyswoole/orm/src/Db/MysqliClient.php line:60]
[2019-12-19 11:33:56][DEBUG][ERROR] : [Uncaught EasySwoole\ORM\Exception\Exception: SQLSTATE[42000] [1064] You have an error in your SQL syntax; check the manual that corresponds to your MySQL server version for the right syntax to use near 'read = ?  LIMIT 1' at line 1 in /home/www/easyswoole_myim/vendor/easyswoole/orm/src/Db/MysqliClient.php:60
Stack trace:
#0 /home/www/easyswoole_myim/vendor/easyswoole/orm/src/DbManager.php(71): EasySwoole\ORM\Db\MysqliClient->query(Object(EasySwoole\Mysqli\QueryBuilder), false)
#1 /home/www/easyswoole_myim/vendor/easyswoole/orm/src/AbstractModel.php(1130): EasySwoole\ORM\DbManager->query(Object(EasySwoole\Mysqli\QueryBuilder), false, 'default')
#2 /home/www/easyswoole_myim/vendor/easyswoole/orm/src/AbstractModel.php(599): EasySwoole\ORM\AbstractModel->query(Object(EasySwoole\Mysqli\QueryBuilder))
#3 /home/www/easyswoole_myim/vendor/easyswoole/orm/src/AbstractModel.php(1203): EasySwoole\ORM\AbstractModel->all(NULL, true)
#4 /home/www/easyswoole_myim/vendor/easyswoole/orm/src/AbstractModel.php(311): EasySwoole\O at file:/home/www/easyswoole_myim/vendor/easyswoole/orm/src/Db/MysqliClient.php line:60]
[2019-12-19 14:48:34][DEBUG][NOTICE] : [Serialization of closure failed: Serialization of 'Swoole\WebSocket\Server' is not allowed at file:/home/www/easyswoole_myim/vendor/jeremeamia/superclosure/src/SerializableClosure.php line:116]
[2019-12-19 14:48:34][DEBUG][ERROR] : [The closure did not unserialize to a SuperClosure. at file:/home/www/easyswoole_myim/vendor/jeremeamia/superclosure/src/Serializer.php line:110]
[2019-12-19 14:53:31][DEBUG][NOTICE] : [Serialization of closure failed: Serialization of 'Swoole\WebSocket\Server' is not allowed at file:/home/www/easyswoole_myim/vendor/jeremeamia/superclosure/src/SerializableClosure.php line:116]
[2019-12-19 14:53:31][DEBUG][ERROR] : [The closure did not unserialize to a SuperClosure. at file:/home/www/easyswoole_myim/vendor/jeremeamia/superclosure/src/Serializer.php line:110]
[2019-12-19 14:54:44][DEBUG][NOTICE] : [Serialization of closure failed: Serialization of 'Swoole\WebSocket\Server' is not allowed at file:/home/www/easyswoole_myim/vendor/jeremeamia/superclosure/src/SerializableClosure.php line:116]
[2019-12-19 14:54:44][DEBUG][ERROR] : [The closure did not unserialize to a SuperClosure. at file:/home/www/easyswoole_myim/vendor/jeremeamia/superclosure/src/Serializer.php line:110]
[2019-12-19 17:19:07][DEBUG][ERROR] : [SQLSTATE[42S02] [1146] Table 'thinkcmf_myim.user' doesn't exist at file:/home/www/easyswoole_myim/vendor/easyswoole/orm/src/Db/MysqliClient.php line:60]
[2019-12-19 17:25:11][DEBUG][ERROR] : [SQLSTATE[42S02] [1146] Table 'thinkcmf_myim.user' doesn't exist at file:/home/www/easyswoole_myim/vendor/easyswoole/orm/src/Db/MysqliClient.php line:60]
[2019-12-19 17:31:31][DEBUG][ERROR] : [SQLSTATE[42S22] [1054] Unknown column 'u.nickname' in 'field list' at file:/home/www/easyswoole_myim/vendor/easyswoole/orm/src/Db/MysqliClient.php line:60]
[2019-12-19 17:47:57][DEBUG][ERROR] : [Uncaught EasySwoole\ORM\Exception\Exception: SQLSTATE[23000] [1052] Column 'id' in field list is ambiguous in /home/www/easyswoole_myim/vendor/easyswoole/orm/src/Db/MysqliClient.php:60
Stack trace:
#0 /home/www/easyswoole_myim/vendor/easyswoole/orm/src/DbManager.php(71): EasySwoole\ORM\Db\MysqliClient->query(Object(EasySwoole\Mysqli\QueryBuilder), false)
#1 /home/www/easyswoole_myim/vendor/easyswoole/orm/src/AbstractModel.php(1130): EasySwoole\ORM\DbManager->query(Object(EasySwoole\Mysqli\QueryBuilder), false, 'default')
#2 /home/www/easyswoole_myim/vendor/easyswoole/orm/src/AbstractModel.php(564): EasySwoole\ORM\AbstractModel->query(Object(EasySwoole\Mysqli\QueryBuilder))
#3 /home/www/easyswoole_myim/vendor/easyswoole/orm/src/AbstractModel.php(651): EasySwoole\ORM\AbstractModel->get(Array, true)
#4 /home/www/easyswoole_myim/App/Model/UserModel.php(19): EasySwoole\ORM\AbstractModel->findOne(Array)
#5 /home/www/easyswoole_myim/App/WebSocket/WebSocketEvents.php(41): App\Model\UserModel->getUserInfoByToken('b5f4 at file:/home/www/easyswoole_myim/vendor/easyswoole/orm/src/Db/MysqliClient.php line:60]
[2019-12-19 17:47:57][DEBUG][NOTICE] : [Undefined index: nickname at file:/home/www/easyswoole_myim/App/HttpController/User.php line:77]
[2019-12-19 17:47:57][DEBUG][NOTICE] : [Undefined index: sign at file:/home/www/easyswoole_myim/App/HttpController/User.php line:80]
[2019-12-19 17:48:53][DEBUG][ERROR] : [Uncaught EasySwoole\ORM\Exception\Exception: SQLSTATE[23000] [1052] Column 'id' in field list is ambiguous in /home/www/easyswoole_myim/vendor/easyswoole/orm/src/Db/MysqliClient.php:60
Stack trace:
#0 /home/www/easyswoole_myim/vendor/easyswoole/orm/src/DbManager.php(71): EasySwoole\ORM\Db\MysqliClient->query(Object(EasySwoole\Mysqli\QueryBuilder), false)
#1 /home/www/easyswoole_myim/vendor/easyswoole/orm/src/AbstractModel.php(1130): EasySwoole\ORM\DbManager->query(Object(EasySwoole\Mysqli\QueryBuilder), false, 'default')
#2 /home/www/easyswoole_myim/vendor/easyswoole/orm/src/AbstractModel.php(564): EasySwoole\ORM\AbstractModel->query(Object(EasySwoole\Mysqli\QueryBuilder))
#3 /home/www/easyswoole_myim/vendor/easyswoole/orm/src/AbstractModel.php(651): EasySwoole\ORM\AbstractModel->get(Array, true)
#4 /home/www/easyswoole_myim/App/Model/UserModel.php(19): EasySwoole\ORM\AbstractModel->findOne(Array)
#5 /home/www/easyswoole_myim/App/WebSocket/WebSocketEvents.php(41): App\Model\UserModel->getUserInfoByToken('b5f4 at file:/home/www/easyswoole_myim/vendor/easyswoole/orm/src/Db/MysqliClient.php line:60]
[2019-12-19 17:48:53][DEBUG][NOTICE] : [Undefined index: nickname at file:/home/www/easyswoole_myim/App/HttpController/User.php line:77]
[2019-12-19 17:48:53][DEBUG][NOTICE] : [Undefined index: sign at file:/home/www/easyswoole_myim/App/HttpController/User.php line:80]
[2019-12-20 08:59:48][DEBUG][ERROR] : [Uncaught Swoole\Exception: failed to listen server port[0.0.0.0:9501], Error: Address already in use[98] in /home/www/easyswoole_myim/vendor/easyswoole/easyswoole/src/ServerManager.php:63
Stack trace:
#0 /home/www/easyswoole_myim/vendor/easyswoole/easyswoole/src/ServerManager.php(63): Swoole\Server->__construct('0.0.0.0', 9501, 2, 1)
#1 /home/www/easyswoole_myim/vendor/easyswoole/easyswoole/src/Core.php(114): EasySwoole\EasySwoole\ServerManager->createSwooleServer(9501, 3, '0.0.0.0', Array, 2, 1)
#2 /home/www/easyswoole_myim/vendor/easyswoole/easyswoole/src/Command/DefaultCommand/Start.php(42): EasySwoole\EasySwoole\Core->createServer()
#3 /home/www/easyswoole_myim/vendor/easyswoole/easyswoole/src/Command/CommandContainer.php(46): EasySwoole\EasySwoole\Command\DefaultCommand\Start->exec(Array)
#4 /home/www/easyswoole_myim/vendor/easyswoole/easyswoole/src/Command/CommandRunner.php(54): EasySwoole\EasySwoole\Command\CommandContainer->hook('start', Array)
#5 /home/www/easyswoole_myim/easyswoole(24): EasySwoole\E at file:/home/www/easyswoole_myim/vendor/easyswoole/easyswoole/src/ServerManager.php line:63]
[2019-12-20 09:02:42][DEBUG][ERROR] : [Uncaught Swoole\Exception: failed to listen server port[0.0.0.0:9501], Error: Address already in use[98] in /home/www/easyswoole_myim/vendor/easyswoole/easyswoole/src/ServerManager.php:63
Stack trace:
#0 /home/www/easyswoole_myim/vendor/easyswoole/easyswoole/src/ServerManager.php(63): Swoole\Server->__construct('0.0.0.0', 9501, 2, 1)
#1 /home/www/easyswoole_myim/vendor/easyswoole/easyswoole/src/Core.php(114): EasySwoole\EasySwoole\ServerManager->createSwooleServer(9501, 3, '0.0.0.0', Array, 2, 1)
#2 /home/www/easyswoole_myim/vendor/easyswoole/easyswoole/src/Command/DefaultCommand/Start.php(42): EasySwoole\EasySwoole\Core->createServer()
#3 /home/www/easyswoole_myim/vendor/easyswoole/easyswoole/src/Command/CommandContainer.php(46): EasySwoole\EasySwoole\Command\DefaultCommand\Start->exec(Array)
#4 /home/www/easyswoole_myim/vendor/easyswoole/easyswoole/src/Command/CommandRunner.php(54): EasySwoole\EasySwoole\Command\CommandContainer->hook('start', Array)
#5 /home/www/easyswoole_myim/easyswoole(24): EasySwoole\E at file:/home/www/easyswoole_myim/vendor/easyswoole/easyswoole/src/ServerManager.php line:63]
[2019-12-20 10:46:32][DEBUG][ERROR] : [SQLSTATE[42S02] [1146] Table 'thinkcmf_myim.user' doesn't exist at file:/home/www/easyswoole_myim/vendor/easyswoole/orm/src/Db/MysqliClient.php line:60]
[2019-12-20 15:15:05][DEBUG][NOTICE] : [Undefined index: nickname at file:/home/www/easyswoole_myim/App/HttpController/User.php line:202]
[2019-12-20 15:15:05][DEBUG][NOTICE] : [Undefined index: sign at file:/home/www/easyswoole_myim/App/HttpController/User.php line:205]
[2019-12-20 15:22:47][DEBUG][ERROR] : [swoole exit at file:/home/www/easyswoole_myim/App/HttpController/User.php line:172]
[2019-12-20 15:24:27][DEBUG][NOTICE] : [Undefined index: nickname at file:/home/www/easyswoole_myim/App/HttpController/User.php line:203]
[2019-12-20 15:24:27][DEBUG][NOTICE] : [Undefined index: sign at file:/home/www/easyswoole_myim/App/HttpController/User.php line:206]
[2019-12-20 15:29:21][DEBUG][NOTICE] : [Undefined index: nickname at file:/home/www/easyswoole_myim/App/HttpController/User.php line:203]
[2019-12-20 15:29:21][DEBUG][NOTICE] : [Undefined index: sign at file:/home/www/easyswoole_myim/App/HttpController/User.php line:206]
[2019-12-20 16:56:03][DEBUG][ERROR] : [Uncaught Error: Class 'App\WebSocket\Controller\ServerManager' not found in /home/www/easyswoole_myim/App/WebSocket/Controller/Index.php:62
Stack trace:
#0 /home/www/easyswoole_myim/vendor/easyswoole/socket/src/AbstractInterface/Controller.php(124): App\WebSocket\Controller\Index->chatMessage()
#1 /home/www/easyswoole_myim/vendor/easyswoole/socket/src/Dispatcher.php(82): EasySwoole\Socket\AbstractInterface\Controller->__hook(Object(Swoole\WebSocket\Server), Object(EasySwoole\Socket\Config), Object(EasySwoole\Socket\Bean\Caller), Object(EasySwoole\Socket\Bean\Response))
#2 /home/www/easyswoole_myim/EasySwooleEvent.php(57): EasySwoole\Socket\Dispatcher->dispatch(Object(Swoole\WebSocket\Server), '{"action":"chat...', Object(Swoole\WebSocket\Frame))
#3 [internal function]: EasySwoole\EasySwoole\EasySwooleEvent::EasySwoole\EasySwoole\{closure}(Object(Swoole\WebSocket\Server), Object(Swoole\WebSocket\Frame))
#4 /home/www/easyswoole_myim/vendor/easyswoole/easyswoole/src/ServerManager.php(134): call_user_func(Object( at file:/home/www/easyswoole_myim/App/WebSocket/Controller/Index.php line:62]
[2019-12-20 17:19:16][DEBUG][NOTICE] : [Non-static method EasySwoole\Task\Task::async() should not be called statically at file:/home/www/easyswoole_myim/App/WebSocket/Controller/Index.php line:110]
[2019-12-20 17:19:16][DEBUG][ERROR] : [Uncaught Error: Using $this when not in object context in /home/www/easyswoole_myim/vendor/easyswoole/task/src/Task.php:69
Stack trace:
#0 /home/www/easyswoole_myim/App/WebSocket/Controller/Index.php(130): EasySwoole\Task\Task::async(Object(Closure))
#1 /home/www/easyswoole_myim/vendor/easyswoole/socket/src/AbstractInterface/Controller.php(124): App\WebSocket\Controller\Index->chatMessage()
#2 /home/www/easyswoole_myim/vendor/easyswoole/socket/src/Dispatcher.php(82): EasySwoole\Socket\AbstractInterface\Controller->__hook(Object(Swoole\WebSocket\Server), Object(EasySwoole\Socket\Config), Object(EasySwoole\Socket\Bean\Caller), Object(EasySwoole\Socket\Bean\Response))
#3 /home/www/easyswoole_myim/EasySwooleEvent.php(57): EasySwoole\Socket\Dispatcher->dispatch(Object(Swoole\WebSocket\Server), '{"action":"chat...', Object(Swoole\WebSocket\Frame))
#4 [internal function]: EasySwoole\EasySwoole\EasySwooleEvent::EasySwoole\EasySwoole\{closure}(Object(Swoole\WebSocket\Server), Object(Swoole\WebSocket\Frame))
#5 /home/w at file:/home/www/easyswoole_myim/vendor/easyswoole/task/src/Task.php line:69]
[2019-12-20 18:29:18][DEBUG][NOTICE] : [Undefined index: id at file:/home/www/easyswoole_myim/App/HttpController/User.php line:175]
[2019-12-20 18:29:18][DEBUG][NOTICE] : [Undefined index: type at file:/home/www/easyswoole_myim/App/HttpController/User.php line:176]
[2019-12-20 18:29:19][DEBUG][ERROR] : [Call to undefined method App\Model\ChatRecordModel::whereOr() at file:/home/www/easyswoole_myim/App/HttpController/User.php line:163]
[2019-12-23 09:11:26][DEBUG][NOTICE] : [Undefined index: id at file:/home/www/easyswoole_myim/App/HttpController/User.php line:175]
[2019-12-23 09:11:26][DEBUG][NOTICE] : [Undefined index: type at file:/home/www/easyswoole_myim/App/HttpController/User.php line:176]
[2019-12-23 09:11:27][DEBUG][ERROR] : [Call to undefined method App\Model\ChatRecordModel::whereOr() at file:/home/www/easyswoole_myim/App/HttpController/User.php line:163]
[2019-12-23 09:15:21][DEBUG][NOTICE] : [Undefined index: id at file:/home/www/easyswoole_myim/App/HttpController/User.php line:175]
[2019-12-23 09:15:21][DEBUG][NOTICE] : [Undefined index: type at file:/home/www/easyswoole_myim/App/HttpController/User.php line:176]
[2019-12-23 09:15:21][DEBUG][ERROR] : [Call to undefined method App\Model\ChatRecordModel::whereOr() at file:/home/www/easyswoole_myim/App/HttpController/User.php line:163]
[2019-12-23 09:29:56][DEBUG][NOTICE] : [Undefined index: id at file:/home/www/easyswoole_myim/App/HttpController/User.php line:180]
[2019-12-23 09:29:56][DEBUG][NOTICE] : [Undefined index: type at file:/home/www/easyswoole_myim/App/HttpController/User.php line:181]
[2019-12-23 09:30:52][DEBUG][NOTICE] : [Undefined index: id at file:/home/www/easyswoole_myim/App/HttpController/User.php line:180]
[2019-12-23 09:30:52][DEBUG][NOTICE] : [Undefined index: type at file:/home/www/easyswoole_myim/App/HttpController/User.php line:181]
[2019-12-23 09:32:23][DEBUG][NOTICE] : [Undefined index: id at file:/home/www/easyswoole_myim/App/HttpController/User.php line:180]
[2019-12-23 09:32:23][DEBUG][NOTICE] : [Undefined index: type at file:/home/www/easyswoole_myim/App/HttpController/User.php line:181]
[2019-12-23 09:32:50][DEBUG][NOTICE] : [Undefined index: id at file:/home/www/easyswoole_myim/App/HttpController/User.php line:180]
[2019-12-23 09:32:50][DEBUG][NOTICE] : [Undefined index: type at file:/home/www/easyswoole_myim/App/HttpController/User.php line:181]
[2019-12-23 09:34:43][DEBUG][NOTICE] : [Undefined index: id at file:/home/www/easyswoole_myim/App/HttpController/User.php line:169]
[2019-12-23 09:34:43][DEBUG][NOTICE] : [Undefined index: type at file:/home/www/easyswoole_myim/App/HttpController/User.php line:170]
[2019-12-23 09:43:01][DEBUG][NOTICE] : [Undefined index: id at file:/home/www/easyswoole_myim/App/HttpController/User.php line:169]
[2019-12-23 09:43:01][DEBUG][NOTICE] : [Undefined index: type at file:/home/www/easyswoole_myim/App/HttpController/User.php line:170]
[2019-12-23 09:52:56][DEBUG][NOTICE] : [Undefined index: id at file:/home/www/easyswoole_myim/App/HttpController/User.php line:169]
[2019-12-23 09:52:56][DEBUG][NOTICE] : [Undefined index: type at file:/home/www/easyswoole_myim/App/HttpController/User.php line:170]
[2019-12-23 09:55:58][DEBUG][NOTICE] : [Undefined index: id at file:/home/www/easyswoole_myim/App/HttpController/User.php line:169]
[2019-12-23 09:55:58][DEBUG][NOTICE] : [Undefined index: type at file:/home/www/easyswoole_myim/App/HttpController/User.php line:170]
[2019-12-23 09:57:01][DEBUG][NOTICE] : [Undefined index: id at file:/home/www/easyswoole_myim/App/HttpController/User.php line:169]
[2019-12-23 09:57:01][DEBUG][NOTICE] : [Undefined index: type at file:/home/www/easyswoole_myim/App/HttpController/User.php line:170]
[2019-12-23 10:00:29][DEBUG][NOTICE] : [Undefined index: id at file:/home/www/easyswoole_myim/App/HttpController/User.php line:170]
[2019-12-23 10:00:29][DEBUG][NOTICE] : [Undefined index: type at file:/home/www/easyswoole_myim/App/HttpController/User.php line:171]
[2019-12-23 10:37:48][DEBUG][ERROR] : [SQLSTATE[42S22] [1054] Unknown column 'cr.user_id' in 'where clause' at file:/home/www/easyswoole_myim/vendor/easyswoole/orm/src/Db/MysqliClient.php line:60]
[2019-12-23 11:36:29][DEBUG][ERROR] : [Argument 1 passed to App\HttpController\User::App\HttpController\{closure}() must be an instance of App\HttpController\QueryBuilder, instance of EasySwoole\Mysqli\QueryBuilder given at file:/home/www/easyswoole_myim/App/HttpController/User.php line:152]
[2019-12-23 11:58:04][DEBUG][ERROR] : [Class 'App\HttpController\MysqlPool' not found at file:/home/www/easyswoole_myim/App/HttpController/User.php line:184]
[2019-12-23 11:58:52][DEBUG][ERROR] : [Class 'App\HttpController\MysqlPool' not found at file:/home/www/easyswoole_myim/App/HttpController/User.php line:184]
[2019-12-23 14:42:20][DEBUG][ERROR] : [SQLSTATE[42S22] [1054] Unknown column 'nickname' in 'field list' at file:/home/www/easyswoole_myim/vendor/easyswoole/orm/src/Db/MysqliClient.php line:60]
[2019-12-23 14:46:52][DEBUG][ERROR] : [SQLSTATE[42S22] [1054] Unknown column 'nickname' in 'where clause' at file:/home/www/easyswoole_myim/vendor/easyswoole/orm/src/Db/MysqliClient.php line:60]
[2019-12-23 14:50:16][DEBUG][ERROR] : [SQLSTATE[42S22] [1054] Unknown column 'nickname' in 'where clause' at file:/home/www/easyswoole_myim/vendor/easyswoole/orm/src/Db/MysqliClient.php line:60]
[2019-12-23 15:33:25][DEBUG][NOTICE] : [Undefined index: token at file:/home/www/easyswoole_myim/App/WebSocket/Controller/Base.php line:30]
[2019-12-23 15:33:35][DEBUG][NOTICE] : [Undefined index: token at file:/home/www/easyswoole_myim/App/WebSocket/Controller/Base.php line:30]
[2019-12-23 15:33:45][DEBUG][NOTICE] : [Undefined index: token at file:/home/www/easyswoole_myim/App/WebSocket/Controller/Base.php line:30]
[2019-12-23 15:33:55][DEBUG][NOTICE] : [Undefined index: token at file:/home/www/easyswoole_myim/App/WebSocket/Controller/Base.php line:30]
[2019-12-23 15:34:05][DEBUG][NOTICE] : [Undefined index: token at file:/home/www/easyswoole_myim/App/WebSocket/Controller/Base.php line:30]
[2019-12-23 15:34:15][DEBUG][NOTICE] : [Undefined index: token at file:/home/www/easyswoole_myim/App/WebSocket/Controller/Base.php line:30]
[2019-12-23 15:34:25][DEBUG][NOTICE] : [Undefined index: token at file:/home/www/easyswoole_myim/App/WebSocket/Controller/Base.php line:30]
[2019-12-23 15:34:35][DEBUG][NOTICE] : [Undefined index: token at file:/home/www/easyswoole_myim/App/WebSocket/Controller/Base.php line:30]
[2019-12-23 15:39:05][DEBUG][NOTICE] : [Undefined index:  at file:/home/www/easyswoole_myim/App/WebSocket/Controller/Base.php line:30]
[2019-12-23 15:39:07][DEBUG][NOTICE] : [Undefined index:  at file:/home/www/easyswoole_myim/App/WebSocket/Controller/Base.php line:30]
[2019-12-23 15:39:15][DEBUG][NOTICE] : [Undefined index:  at file:/home/www/easyswoole_myim/App/WebSocket/Controller/Base.php line:30]
[2019-12-23 15:39:17][DEBUG][NOTICE] : [Undefined index:  at file:/home/www/easyswoole_myim/App/WebSocket/Controller/Base.php line:30]
[2019-12-23 16:56:41][DEBUG][ERROR] : [Uncaught EasySwoole\ORM\Exception\Exception: SQLSTATE[42000] [1064] You have an error in your SQL syntax; check the manual that corresponds to your MySQL server version for the right syntax to use near 'read = ?  LIMIT 1' at line 1 in /home/www/easyswoole_myim/vendor/easyswoole/orm/src/Db/MysqliClient.php:60
Stack trace:
#0 /home/www/easyswoole_myim/vendor/easyswoole/orm/src/DbManager.php(71): EasySwoole\ORM\Db\MysqliClient->query(Object(EasySwoole\Mysqli\QueryBuilder), false)
#1 /home/www/easyswoole_myim/vendor/easyswoole/orm/src/AbstractModel.php(1130): EasySwoole\ORM\DbManager->query(Object(EasySwoole\Mysqli\QueryBuilder), false, 'default')
#2 /home/www/easyswoole_myim/vendor/easyswoole/orm/src/AbstractModel.php(599): EasySwoole\ORM\AbstractModel->query(Object(EasySwoole\Mysqli\QueryBuilder))
#3 /home/www/easyswoole_myim/vendor/easyswoole/orm/src/AbstractModel.php(1203): EasySwoole\ORM\AbstractModel->all(NULL, true)
#4 /home/www/easyswoole_myim/vendor/easyswoole/orm/src/AbstractModel.php(311): EasySwoole\O at file:/home/www/easyswoole_myim/vendor/easyswoole/orm/src/Db/MysqliClient.php line:60]
[2019-12-23 17:09:01][DEBUG][ERROR] : [Uncaught EasySwoole\ORM\Exception\Exception: SQLSTATE[42000] [1064] You have an error in your SQL syntax; check the manual that corresponds to your MySQL server version for the right syntax to use near 'read = ?  LIMIT 1' at line 1 in /home/www/easyswoole_myim/vendor/easyswoole/orm/src/Db/MysqliClient.php:60
Stack trace:
#0 /home/www/easyswoole_myim/vendor/easyswoole/orm/src/DbManager.php(71): EasySwoole\ORM\Db\MysqliClient->query(Object(EasySwoole\Mysqli\QueryBuilder), false)
#1 /home/www/easyswoole_myim/vendor/easyswoole/orm/src/AbstractModel.php(1130): EasySwoole\ORM\DbManager->query(Object(EasySwoole\Mysqli\QueryBuilder), false, 'default')
#2 /home/www/easyswoole_myim/vendor/easyswoole/orm/src/AbstractModel.php(599): EasySwoole\ORM\AbstractModel->query(Object(EasySwoole\Mysqli\QueryBuilder))
#3 /home/www/easyswoole_myim/vendor/easyswoole/orm/src/AbstractModel.php(1203): EasySwoole\ORM\AbstractModel->all(NULL, true)
#4 /home/www/easyswoole_myim/vendor/easyswoole/orm/src/AbstractModel.php(311): EasySwoole\O at file:/home/www/easyswoole_myim/vendor/easyswoole/orm/src/Db/MysqliClient.php line:60]
